  TyreeProgram.cpp
D:\repos\sinclair-c++\Midterm Exam\Midterm Exam\TyreeProgram.cpp(31,13): error C2664: 'void addOrManageBudget(const std::vector<double,std::allocator<double>> &,double &)': cannot convert argument 1 from 'std::vector<Expense,std::allocator<Expense>>' to 'const std::vector<double,std::allocator<double>> &'
D:\repos\sinclair-c++\Midterm Exam\Midterm Exam\TyreeProgram.cpp(31,31): message : Reason: cannot convert from 'std::vector<Expense,std::allocator<Expense>>' to 'const std::vector<double,std::allocator<double>>'
D:\repos\sinclair-c++\Midterm Exam\Midterm Exam\TyreeProgram.cpp(31,31): message : No user-defined-conversion operator available that can perform this conversion, or the operator cannot be called
D:\repos\sinclair-c++\Midterm Exam\Midterm Exam\TyreeProgram.cpp(16,6): message : see declaration of 'addOrManageBudget'
D:\repos\sinclair-c++\Midterm Exam\Midterm Exam\TyreeProgram.cpp(31,13): message : while trying to match the argument list '(std::vector<Expense,std::allocator<Expense>>, double)'
D:\repos\sinclair-c++\Midterm Exam\Midterm Exam\TyreeProgram.cpp(34,13): error C2664: 'void addExpense(std::vector<double,std::allocator<double>> &)': cannot convert argument 1 from 'std::vector<Expense,std::allocator<Expense>>' to 'std::vector<double,std::allocator<double>> &'
D:\repos\sinclair-c++\Midterm Exam\Midterm Exam\TyreeProgram.cpp(17,6): message : see declaration of 'addExpense'
D:\repos\sinclair-c++\Midterm Exam\Midterm Exam\TyreeProgram.cpp(34,13): message : while trying to match the argument list '(std::vector<Expense,std::allocator<Expense>>)'
D:\repos\sinclair-c++\Midterm Exam\Midterm Exam\TyreeProgram.cpp(37,13): error C2664: 'void displayExpenses(const std::vector<double,std::allocator<double>> &)': cannot convert argument 1 from 'std::vector<Expense,std::allocator<Expense>>' to 'const std::vector<double,std::allocator<double>> &'
D:\repos\sinclair-c++\Midterm Exam\Midterm Exam\TyreeProgram.cpp(37,29): message : Reason: cannot convert from 'std::vector<Expense,std::allocator<Expense>>' to 'const std::vector<double,std::allocator<double>>'
D:\repos\sinclair-c++\Midterm Exam\Midterm Exam\TyreeProgram.cpp(37,29): message : No user-defined-conversion operator available that can perform this conversion, or the operator cannot be called
D:\repos\sinclair-c++\Midterm Exam\Midterm Exam\TyreeProgram.cpp(18,6): message : see declaration of 'displayExpenses'
D:\repos\sinclair-c++\Midterm Exam\Midterm Exam\TyreeProgram.cpp(37,13): message : while trying to match the argument list '(std::vector<Expense,std::allocator<Expense>>)'
D:\repos\sinclair-c++\Midterm Exam\Midterm Exam\TyreeProgram.cpp(59,20): error C2664: 'void calculateTotal(const std::vector<double,std::allocator<double>> &)': cannot convert argument 1 from 'std::vector<Expense,std::allocator<Expense>>' to 'const std::vector<double,std::allocator<double>> &'
D:\repos\sinclair-c++\Midterm Exam\Midterm Exam\TyreeProgram.cpp(59,35): message : Reason: cannot convert from 'std::vector<Expense,std::allocator<Expense>>' to 'const std::vector<double,std::allocator<double>>'
D:\repos\sinclair-c++\Midterm Exam\Midterm Exam\TyreeProgram.cpp(59,35): message : No user-defined-conversion operator available that can perform this conversion, or the operator cannot be called
D:\repos\sinclair-c++\Midterm Exam\Midterm Exam\TyreeProgram.cpp(19,6): message : see declaration of 'calculateTotal'
D:\repos\sinclair-c++\Midterm Exam\Midterm Exam\TyreeProgram.cpp(59,20): message : while trying to match the argument list '(std::vector<Expense,std::allocator<Expense>>)'
D:\repos\sinclair-c++\Midterm Exam\Midterm Exam\TyreeProgram.cpp(59,18): error C2440: 'initializing': cannot convert from 'void' to 'double'
D:\repos\sinclair-c++\Midterm Exam\Midterm Exam\TyreeProgram.cpp(59,18): message : Expressions of type void cannot be converted to other types
